<?xml version="1.0" encoding="UTF-8"?>
<!-- Generated by org.testng.reporters.JUnitXMLReporter -->
<testsuite ignored="0" hostname="DESKTOP-PBDFRFN" failures="0" tests="5" name="Test" time="47.794" errors="0" timestamp="2024-01-07T14:11:52 IST">
  <testcase classname="tests.FourTest" name="testFour" time="7.691"/>
  <testcase classname="tests.TwoTest" name="testTwo" time="6.679"/>
  <testcase classname="tests.LoginTest" name="login" time="4.428"/>
  <testcase classname="tests.LoginTest" name="login" time="14.219"/>
  <testcase classname="tests.ThreeTest" name="TestThree" time="5.194"/>
</testsuite> <!-- Test -->
